app/build/intermediates/manifest_merge_blame_file/debug/processDebugMainManifest/manifest-merger-blame-debug-report.txt
1<?xml version="1.0" encoding="utf-8"?>
2<manifest xmlns:android="http://schemas.android.com/apk/res/android"
3    package="com.localdoorhub.app"
4    android:versionCode="1"
5    android:versionName="1.0" >
6
7    <uses-sdk
8        android:minSdkVersion="24"
9        android:targetSdkVersion="34" />
10
11    <uses-permission android:name="android.permission.INTERNET" />
11-->src/main/AndroidManifest.xml:5:5-67
11-->src/main/AndroidManifest.xml:5:22-64
12    <uses-permission android:name="android.permission.ACCESS_NETWORK_STATE" />
12-->src/main/AndroidManifest.xml:6:5-79
12-->src/main/AndroidManifest.xml:6:22-76
13    <uses-permission android:name="android.permission.CAMERA" />
13-->src/main/AndroidManifest.xml:7:5-65
13-->src/main/AndroidManifest.xml:7:22-62
14    <uses-permission android:name="android.permission.RECORD_AUDIO" />
14-->src/main/AndroidManifest.xml:8:5-71
14-->src/main/AndroidManifest.xml:8:22-68
15    <uses-permission
15-->src/main/AndroidManifest.xml:9:5-10:38
16        android:name="android.permission.WRITE_EXTERNAL_STORAGE"
16-->src/main/AndroidManifest.xml:9:22-78
17        android:maxSdkVersion="32" />
17-->src/main/AndroidManifest.xml:10:9-35
18    <uses-permission
18-->src/main/AndroidManifest.xml:11:5-12:38
19        android:name="android.permission.READ_EXTERNAL_STORAGE"
19-->src/main/AndroidManifest.xml:11:22-77
20        android:maxSdkVersion="32" />
20-->src/main/AndroidManifest.xml:12:9-35
21
22    <uses-feature
22-->src/main/AndroidManifest.xml:13:5-85
23        android:name="android.hardware.camera"
23-->src/main/AndroidManifest.xml:13:19-57
24        android:required="false" />
24-->src/main/AndroidManifest.xml:13:58-82
25    <uses-feature
25-->src/main/AndroidManifest.xml:14:5-95
26        android:name="android.hardware.camera.autofocus"
26-->src/main/AndroidManifest.xml:14:19-67
27        android:required="false" />
27-->src/main/AndroidManifest.xml:14:68-92
28
29    <permission
29-->[androidx.core:core:1.12.0] AndroidManifest.xml:22:5-24:47
30        android:name="com.localdoorhub.app.DYNAMIC_RECEIVER_NOT_EXPORTED_PERMISSION"
30-->[androidx.core:core:1.12.0] AndroidManifest.xml:23:9-81
31        android:protectionLevel="signature" />
31-->[androidx.core:core:1.12.0] AndroidManifest.xml:24:9-44
32
33    <uses-permission android:name="com.localdoorhub.app.DYNAMIC_RECEIVER_NOT_EXPORTED_PERMISSION" />
33-->[androidx.core:core:1.12.0] AndroidManifest.xml:26:5-97
33-->[androidx.core:core:1.12.0] AndroidManifest.xml:26:22-94
34
35    <application
35-->src/main/AndroidManifest.xml:16:5-39:19
36        android:allowBackup="true"
36-->src/main/AndroidManifest.xml:17:9-35
37        android:appComponentFactory="androidx.core.app.CoreComponentFactory"
37-->[androidx.core:core:1.12.0] AndroidManifest.xml:28:18-86
38        android:dataExtractionRules="@xml/data_extraction_rules"
38-->src/main/AndroidManifest.xml:18:9-65
39        android:debuggable="true"
40        android:extractNativeLibs="false"
41        android:fullBackupContent="@xml/backup_rules"
41-->src/main/AndroidManifest.xml:19:9-54
42        android:icon="@mipmap/ic_launcher"
42-->src/main/AndroidManifest.xml:20:9-43
43        android:label="@string/app_name"
43-->src/main/AndroidManifest.xml:21:9-41
44        android:roundIcon="@mipmap/ic_launcher_round"
44-->src/main/AndroidManifest.xml:22:9-54
45        android:supportsRtl="true"
45-->src/main/AndroidManifest.xml:23:9-35
46        android:testOnly="true"
47        android:theme="@style/Theme.LocalDoorHub"
47-->src/main/AndroidManifest.xml:24:9-50
48        android:usesCleartextTraffic="true" >
48-->src/main/AndroidManifest.xml:25:9-44
49        <activity
49-->src/main/AndroidManifest.xml:27:9-38:20
50            android:name="com.localdoorhub.app.MainActivity"
50-->src/main/AndroidManifest.xml:28:13-41
51            android:configChanges="orientation|screenSize|screenLayout"
51-->src/main/AndroidManifest.xml:32:13-72
52            android:exported="true"
52-->src/main/AndroidManifest.xml:29:13-36
53            android:launchMode="singleTask"
53-->src/main/AndroidManifest.xml:33:13-44
54            android:screenOrientation="fullSensor"
54-->src/main/AndroidManifest.xml:31:13-51
55            android:theme="@style/Theme.LocalDoorHub.Splash" >
55-->src/main/AndroidManifest.xml:30:13-61
56            <intent-filter>
56-->src/main/AndroidManifest.xml:34:13-37:29
57                <action android:name="android.intent.action.MAIN" />
57-->src/main/AndroidManifest.xml:35:17-69
57-->src/main/AndroidManifest.xml:35:25-66
58
59                <category android:name="android.intent.category.LAUNCHER" />
59-->src/main/AndroidManifest.xml:36:17-77
59-->src/main/AndroidManifest.xml:36:27-74
60            </intent-filter>
61        </activity>
62
63        <service
63-->[androidx.camera:camera-camera2:1.3.1] AndroidManifest.xml:24:9-33:19
64            android:name="androidx.camera.core.impl.MetadataHolderService"
64-->[androidx.camera:camera-camera2:1.3.1] AndroidManifest.xml:25:13-75
65            android:enabled="false"
65-->[androidx.camera:camera-camera2:1.3.1] AndroidManifest.xml:26:13-36
66            android:exported="false" >
66-->[androidx.camera:camera-camera2:1.3.1] AndroidManifest.xml:27:13-37
67            <meta-data
67-->[androidx.camera:camera-camera2:1.3.1] AndroidManifest.xml:30:13-32:89
68                android:name="androidx.camera.core.impl.MetadataHolderService.DEFAULT_CONFIG_PROVIDER"
68-->[androidx.camera:camera-camera2:1.3.1] AndroidManifest.xml:31:17-103
69                android:value="androidx.camera.camera2.Camera2Config$DefaultProvider" />
69-->[androidx.camera:camera-camera2:1.3.1] AndroidManifest.xml:32:17-86
70        </service>
71
72        <activity
72-->[androidx.compose.ui:ui-test-manifest:1.5.4] AndroidManifest.xml:23:9-25:39
73            android:name="androidx.activity.ComponentActivity"
73-->[androidx.compose.ui:ui-test-manifest:1.5.4] AndroidManifest.xml:24:13-63
74            android:exported="true" />
74-->[androidx.compose.ui:ui-test-manifest:1.5.4] AndroidManifest.xml:25:13-36
75        <activity
75-->[androidx.compose.ui:ui-tooling-android:1.5.4] AndroidManifest.xml:23:9-25:39
76            android:name="androidx.compose.ui.tooling.PreviewActivity"
76-->[androidx.compose.ui:ui-tooling-android:1.5.4] AndroidManifest.xml:24:13-71
77            android:exported="true" />
77-->[androidx.compose.ui:ui-tooling-android:1.5.4] AndroidManifest.xml:25:13-36
78
79        <provider
79-->[androidx.emoji2:emoji2:1.4.0] AndroidManifest.xml:24:9-32:20
80            android:name="androidx.startup.InitializationProvider"
80-->[androidx.emoji2:emoji2:1.4.0] AndroidManifest.xml:25:13-67
81            android:authorities="com.localdoorhub.app.androidx-startup"
81-->[androidx.emoji2:emoji2:1.4.0] AndroidManifest.xml:26:13-68
82            android:exported="false" >
82-->[androidx.emoji2:emoji2:1.4.0] AndroidManifest.xml:27:13-37
83            <meta-data
83-->[androidx.emoji2:emoji2:1.4.0] AndroidManifest.xml:29:13-31:52
84                android:name="androidx.emoji2.text.EmojiCompatInitializer"
84-->[androidx.emoji2:emoji2:1.4.0] AndroidManifest.xml:30:17-75
85                android:value="androidx.startup" />
85-->[androidx.emoji2:emoji2:1.4.0] AndroidManifest.xml:31:17-49
86            <meta-data
86-->[androidx.lifecycle:lifecycle-process:2.6.2] AndroidManifest.xml:29:13-31:52
87                android:name="androidx.lifecycle.ProcessLifecycleInitializer"
87-->[androidx.lifecycle:lifecycle-process:2.6.2] AndroidManifest.xml:30:17-78
88                android:value="androidx.startup" />
88-->[androidx.lifecycle:lifecycle-process:2.6.2] AndroidManifest.xml:31:17-49
89            <meta-data
89-->[androidx.profileinstaller:profileinstaller:1.3.1] AndroidManifest.xml:29:13-31:52
90                android:name="androidx.profileinstaller.ProfileInstallerInitializer"
90-->[androidx.profileinstaller:profileinstaller:1.3.1] AndroidManifest.xml:30:17-85
91                android:value="androidx.startup" />
91-->[androidx.profileinstaller:profileinstaller:1.3.1] AndroidManifest.xml:31:17-49
92        </provider>
93
94        <receiver
94-->[androidx.profileinstaller:profileinstaller:1.3.1] AndroidManifest.xml:34:9-52:20
95            android:name="androidx.profileinstaller.ProfileInstallReceiver"
95-->[androidx.profileinstaller:profileinstaller:1.3.1] AndroidManifest.xml:35:13-76
96            android:directBootAware="false"
96-->[androidx.profileinstaller:profileinstaller:1.3.1] AndroidManifest.xml:36:13-44
97            android:enabled="true"
97-->[androidx.profileinstaller:profileinstaller:1.3.1] AndroidManifest.xml:37:13-35
98            android:exported="true"
98-->[androidx.profileinstaller:profileinstaller:1.3.1] AndroidManifest.xml:38:13-36
99            android:permission="android.permission.DUMP" >
99-->[androidx.profileinstaller:profileinstaller:1.3.1] AndroidManifest.xml:39:13-57
100            <intent-filter>
100-->[androidx.profileinstaller:profileinstaller:1.3.1] AndroidManifest.xml:40:13-42:29
101                <action android:name="androidx.profileinstaller.action.INSTALL_PROFILE" />
101-->[androidx.profileinstaller:profileinstaller:1.3.1] AndroidManifest.xml:41:17-91
101-->[androidx.profileinstaller:profileinstaller:1.3.1] AndroidManifest.xml:41:25-88
102            </intent-filter>
103            <intent-filter>
103-->[androidx.profileinstaller:profileinstaller:1.3.1] AndroidManifest.xml:43:13-45:29
104                <action android:name="androidx.profileinstaller.action.SKIP_FILE" />
104-->[androidx.profileinstaller:profileinstaller:1.3.1] AndroidManifest.xml:44:17-85
104-->[androidx.profileinstaller:profileinstaller:1.3.1] AndroidManifest.xml:44:25-82
105            </intent-filter>
106            <intent-filter>
106-->[androidx.profileinstaller:profileinstaller:1.3.1] AndroidManifest.xml:46:13-48:29
107                <action android:name="androidx.profileinstaller.action.SAVE_PROFILE" />
107-->[androidx.profileinstaller:profileinstaller:1.3.1] AndroidManifest.xml:47:17-88
107-->[androidx.profileinstaller:profileinstaller:1.3.1] AndroidManifest.xml:47:25-85
108            </intent-filter>
109            <intent-filter>
109-->[androidx.profileinstaller:profileinstaller:1.3.1] AndroidManifest.xml:49:13-51:29
110                <action android:name="androidx.profileinstaller.action.BENCHMARK_OPERATION" />
110-->[androidx.profileinstaller:profileinstaller:1.3.1] AndroidManifest.xml:50:17-95
110-->[androidx.profileinstaller:profileinstaller:1.3.1] AndroidManifest.xml:50:25-92
111            </intent-filter>
112        </receiver>
113    </application>
114
115</manifest>